<?xml version="1.0" encoding="UTF-8"?>
<!-- Generated by org.testng.reporters.JUnitXMLReporter -->
<testsuite hostname="DESKTOP-HS68FTR" ignored="0" name="SuiteTests" tests="3" failures="0" timestamp="2022-04-21T22:13:44 IST" time="0.154" errors="0">
  <testcase name="TestCase" time="0.021" classname="com.ibm.FST_TestNG.DemoTwo"/>
  <testcase name="firstTestCase" time="0.022" classname="com.ibm.FST_TestNG.DemoOne"/>
  <testcase name="secondTestCase" time="0.001" classname="com.ibm.FST_TestNG.DemoOne"/>
</testsuite> <!-- SuiteTests -->
